
2024/06/24 (10:20:31) | ===> btop++ v.1.3.2
2024/06/24 (10:20:31) | ERROR: Couldn't determine terminal size of "STDOUT_FILENO"!
2024/06/24 (10:20:31) | ERROR: Couldn't determine terminal size of "/dev/tty"!

2024/06/24 (10:21:00) | ===> btop++ v.1.3.2
2024/06/24 (10:21:00) | ERROR: No tty detected!
btop++ needs an interactive shell to run.

2024/06/24 (10:24:37) | ===> btop++ v.1.3.2
2024/06/24 (10:24:37) | INFO: Logger set to INFO
2024/06/24 (10:24:38) | INFO: Logger set to DEBUG

2024/06/26 (01:32:55) | ===> btop++ v.1.3.2
2024/06/26 (01:32:55) | ERROR: Couldn't determine terminal size of "STDOUT_FILENO"!
2024/06/26 (01:32:55) | ERROR: Couldn't determine terminal size of "/dev/tty"!
2024/06/26 (01:32:56) | ERROR: Couldn't determine terminal size of "STDOUT_FILENO"!
2024/06/26 (01:32:56) | ERROR: Couldn't determine terminal size of "/dev/tty"!
2024/06/26 (01:32:56) | ERROR: Couldn't determine terminal size of "STDOUT_FILENO"!
2024/06/26 (01:32:56) | ERROR: Couldn't determine terminal size of "/dev/tty"!
2024/06/26 (01:32:56) | ERROR: Couldn't determine terminal size of "STDOUT_FILENO"!
2024/06/26 (01:32:56) | ERROR: Couldn't determine terminal size of "/dev/tty"!
2024/06/26 (01:32:56) | ERROR: Couldn't determine terminal size of "STDOUT_FILENO"!
2024/06/26 (01:32:56) | ERROR: Couldn't determine terminal size of "/dev/tty"!

2024/07/02 (13:31:37) | ===> btop++ v.1.3.2
2024/07/02 (13:31:37) | INFO: Logger set to INFO
2024/07/02 (13:31:38) | INFO: Logger set to DEBUG
2024/07/02 (13:31:45) | INFO: Logger set to INFO
